<?xml version="1.0" encoding="UTF-8"?>
<!-- Generated by org.testng.reporters.JUnitXMLReporter -->
<testsuite ignored="0" hostname="Collaberas-MacBook-Pro.local" failures="0" tests="17" name="Default test" time="35.352" errors="0" timestamp="2023-05-18T16:22:51 PST">
  <testcase classname="test_android_suite.TestCase_BankAppDemo" name="BAD_01_testStep01" time="8.818"/>
  <testcase classname="test_android_suite.TestCase_BankAppDemo" name="BAD_01_testStep02" time="7.312"/>
  <testcase classname="test_android_suite.TestCase_BankAppDemo" name="BAD_01_testStep03" time="2.946"/>
  <testcase classname="test_android_suite.TestCase_BankAppDemo" name="BAD_01_testStep04" time="1.419"/>
  <testcase classname="test_android_suite.TestCase_BankAppDemo" name="BAD_02_testStep01" time="0.177"/>
  <testcase classname="test_android_suite.TestCase_BankAppDemo" name="BAD_02_testStep02" time="0.165"/>
  <testcase classname="test_android_suite.TestCase_BankAppDemo" name="BAD_02_testStep03" time="0.305"/>
  <testcase classname="test_android_suite.TestCase_BankAppDemo" name="BAD_02_testStep04" time="5.279"/>
  <testcase classname="test_android_suite.TestCase_BankAppDemo" name="BAD_02_testStep05" time="0.785"/>
  <testcase classname="test_android_suite.TestCase_BankAppDemo" name="BAD_03_testStep01" time="0.21"/>
  <testcase classname="test_android_suite.TestCase_BankAppDemo" name="BAD_03_testStep02" time="0.221"/>
  <testcase classname="test_android_suite.TestCase_BankAppDemo" name="BAD_03_testStep03" time="0.319"/>
  <testcase classname="test_android_suite.TestCase_BankAppDemo" name="BAD_03_testStep04" time="1.082"/>
  <testcase classname="test_android_suite.TestCase_BankAppDemo" name="BAD_03_testStep05" time="0.735"/>
  <testcase classname="test_android_suite.TestCase_BankAppDemo" name="BAD_03_testStep06" time="3.384"/>
  <testcase classname="test_android_suite.TestCase_BankAppDemo" name="BAD_03_testStep07" time="1.523"/>
  <testcase classname="test_android_suite.TestCase_BankAppDemo" name="BAD_03_testStep08" time="0.545"/>
</testsuite> <!-- Default test -->
