<?xml version="1.0" encoding="UTF-8"?>
<!-- Generated by org.testng.reporters.JUnitXMLReporter -->
<testsuite ignored="0" hostname="Collaberas-MacBook-Pro.local" failures="0" tests="17" name="BankAppDemo" time="24.863" errors="0" timestamp="2023-05-12T15:35:46 PST">
  <testcase classname="testscenario_android_testapp.TestCase_BankAppDemo" name="BAD_01_testStep01" time="0.016"/>
  <testcase classname="testscenario_android_testapp.TestCase_BankAppDemo" name="BAD_01_testStep02" time="7.134"/>
  <testcase classname="testscenario_android_testapp.TestCase_BankAppDemo" name="BAD_01_testStep03" time="2.802"/>
  <testcase classname="testscenario_android_testapp.TestCase_BankAppDemo" name="BAD_01_testStep04" time="1.203"/>
  <testcase classname="testscenario_android_testapp.TestCase_BankAppDemo" name="BAD_02_testStep01" time="0.001"/>
  <testcase classname="testscenario_android_testapp.TestCase_BankAppDemo" name="BAD_02_testStep02" time="0.007"/>
  <testcase classname="testscenario_android_testapp.TestCase_BankAppDemo" name="BAD_02_testStep03" time="0.073"/>
  <testcase classname="testscenario_android_testapp.TestCase_BankAppDemo" name="BAD_02_testStep04" time="5.318"/>
  <testcase classname="testscenario_android_testapp.TestCase_BankAppDemo" name="BAD_02_testStep05" time="0.689"/>
  <testcase classname="testscenario_android_testapp.TestCase_BankAppDemo" name="BAD_03_testStep01" time="0.004"/>
  <testcase classname="testscenario_android_testapp.TestCase_BankAppDemo" name="BAD_03_testStep02" time="0.001"/>
  <testcase classname="testscenario_android_testapp.TestCase_BankAppDemo" name="BAD_03_testStep03" time="0.113"/>
  <testcase classname="testscenario_android_testapp.TestCase_BankAppDemo" name="BAD_03_testStep04" time="1.08"/>
  <testcase classname="testscenario_android_testapp.TestCase_BankAppDemo" name="BAD_03_testStep05" time="0.799"/>
  <testcase classname="testscenario_android_testapp.TestCase_BankAppDemo" name="BAD_03_testStep06" time="3.759"/>
  <testcase classname="testscenario_android_testapp.TestCase_BankAppDemo" name="BAD_03_testStep07" time="1.447"/>
  <testcase classname="testscenario_android_testapp.TestCase_BankAppDemo" name="BAD_03_testStep08" time="0.048"/>
</testsuite> <!-- BankAppDemo -->
