<?xml version="1.0" encoding="UTF-8"?>
<!-- Generated by org.testng.reporters.JUnitXMLReporter -->
<testsuite ignored="0" hostname="Collaberas-MacBook-Pro.local" failures="0" tests="3" name="Test1" time="11.3" errors="0" timestamp="2023-05-14T21:34:58 PST">
  <testcase classname="testcase_ios_uicatalog.TestCase_UICatalog_UI_01" name="UI_01_step01" time="0.012"/>
  <testcase classname="testcase_ios_uicatalog.TestCase_UICatalog_UI_01" name="UI_01_step02" time="3.889"/>
  <testcase classname="testcase_ios_uicatalog.TestCase_UICatalog_UI_01" name="UI_01_step03" time="1.651"/>
</testsuite> <!-- Test1 -->
