<?xml version="1.0" encoding="UTF-8"?>
<!-- Generated by org.testng.reporters.JUnitXMLReporter -->
<testsuite ignored="0" hostname="Collaberas-MacBook-Pro.local" failures="0" tests="50" name="Test" time="169.468" errors="0" timestamp="2023-05-18T11:01:34 PST">
  <testcase classname="test_ios_suite.TestCase_UICatalog_UI_01" name="UI_01_step01" time="12.395"/>
  <testcase classname="test_ios_suite.TestCase_UICatalog_UI_01" name="UI_01_step02" time="4.135"/>
  <testcase classname="test_ios_suite.TestCase_UICatalog_UI_01" name="UI_01_step03" time="1.98"/>
  <testcase classname="test_ios_suite.TestCase_UICatalog_UI_02" name="UI_02_step01" time="4.45"/>
  <testcase classname="test_ios_suite.TestCase_UICatalog_UI_02" name="UI_02_step02" time="1.597"/>
  <testcase classname="test_ios_suite.TestCase_UICatalog_UI_03" name="UI_03_step01" time="5.589"/>
  <testcase classname="test_ios_suite.TestCase_UICatalog_UI_03" name="UI_03_step02" time="1.807"/>
  <testcase classname="test_ios_suite.TestCase_UICatalog_UI_04" name="UI_04_step01" time="6.297"/>
  <testcase classname="test_ios_suite.TestCase_UICatalog_UI_04" name="UI_04_step02" time="2.617"/>
  <testcase classname="test_ios_suite.TestCase_UICatalog_UI_05" name="UI_05_step01" time="5.632"/>
  <testcase classname="test_ios_suite.TestCase_UICatalog_UI_05" name="UI_05_step02" time="1.627"/>
  <testcase classname="test_ios_suite.TestCase_UICatalog_UI_06" name="UI_06_step01" time="6.207"/>
  <testcase classname="test_ios_suite.TestCase_UICatalog_UI_06" name="UI_06_step02" time="2.798"/>
  <testcase classname="test_ios_suite.TestCase_UICatalog_UI_07" name="UI_07_step01" time="5.802"/>
  <testcase classname="test_ios_suite.TestCase_UICatalog_UI_07" name="UI_07_step02" time="5.433"/>
  <testcase classname="test_ios_suite.TestCase_UICatalog_UI_08" name="UI_08_step01" time="5.729"/>
  <testcase classname="test_ios_suite.TestCase_UICatalog_UI_08" name="UI_08_step02" time="0.948"/>
  <testcase classname="test_ios_suite.TestCase_UICatalog_UI_08" name="UI_08_step03" time="1.599"/>
  <testcase classname="test_ios_suite.TestCase_UICatalog_UI_08" name="UI_08_step04" time="0.844"/>
  <testcase classname="test_ios_suite.TestCase_UICatalog_UI_08" name="UI_08_step05" time="0.883"/>
  <testcase classname="test_ios_suite.TestCase_UICatalog_UI_08" name="UI_08_step06" time="0.67"/>
  <testcase classname="test_ios_suite.TestCase_UICatalog_UI_08" name="UI_08_step07" time="12.386"/>
  <testcase classname="test_ios_suite.TestCase_UICatalog_UI_09" name="UI_09_step01" time="5.836"/>
  <testcase classname="test_ios_suite.TestCase_UICatalog_UI_09" name="UI_09_step02" time="0.941"/>
  <testcase classname="test_ios_suite.TestCase_UICatalog_UI_09" name="UI_09_step03" time="0.992"/>
  <testcase classname="test_ios_suite.TestCase_UICatalog_UI_09" name="UI_09_step04" time="1.001"/>
  <testcase classname="test_ios_suite.TestCase_UICatalog_UI_10" name="UI_10_step01" time="5.729"/>
  <testcase classname="test_ios_suite.TestCase_UICatalog_UI_10" name="UI_10_step02" time="1.067"/>
  <testcase classname="test_ios_suite.TestCase_UICatalog_UI_10" name="UI_10_step03" time="1.186"/>
  <testcase classname="test_ios_suite.TestCase_UICatalog_UI_10" name="UI_10_step04" time="0.997"/>
  <testcase classname="test_ios_suite.TestCase_UICatalog_UI_11" name="UI_11_step01" time="5.58"/>
  <testcase classname="test_ios_suite.TestCase_UICatalog_UI_11" name="UI_11_step02" time="0.958"/>
  <testcase classname="test_ios_suite.TestCase_UICatalog_UI_11" name="UI_11_step03" time="0.27"/>
  <testcase classname="test_ios_suite.TestCase_UICatalog_UI_11" name="UI_11_step04" time="0.879"/>
  <testcase classname="test_ios_suite.TestCase_UICatalog_UI_11" name="UI_11_step05" time="0.253"/>
  <testcase classname="test_ios_suite.TestCase_UICatalog_UI_12" name="UI_12_step01" time="5.573"/>
  <testcase classname="test_ios_suite.TestCase_UICatalog_UI_12" name="UI_12_step02" time="0.98"/>
  <testcase classname="test_ios_suite.TestCase_UICatalog_UI_13" name="UI_13_step01" time="5.648"/>
  <testcase classname="test_ios_suite.TestCase_UICatalog_UI_13" name="UI_13_step02" time="10.165"/>
  <testcase classname="test_ios_suite.TestCase_UICatalog_UI_14" name="UI_14_step01" time="5.774"/>
  <testcase classname="test_ios_suite.TestCase_UICatalog_UI_14" name="UI_14_step02" time="0.632"/>
  <testcase classname="test_ios_suite.TestCase_UICatalog_UI_14" name="UI_14_step03" time="1.008"/>
  <testcase classname="test_ios_suite.TestCase_UICatalog_UI_14" name="UI_14_step04" time="0.841"/>
  <testcase classname="test_ios_suite.TestCase_UICatalog_UI_15" name="UI_15_step01" time="8.183"/>
  <testcase classname="test_ios_suite.TestCase_UICatalog_UI_15" name="UI_15_step02" time="1.584"/>
  <testcase classname="test_ios_suite.TestCase_UICatalog_UI_15" name="UI_15_step03" time="3.298"/>
  <testcase classname="test_ios_suite.TestCase_UICatalog_UI_19" name="UI_19_step01" time="5.685"/>
  <testcase classname="test_ios_suite.TestCase_UICatalog_UI_19" name="UI_19_step02" time="1.1"/>
  <testcase classname="test_ios_suite.TestCase_UICatalog_UI_19" name="UI_19_step03" time="0.95"/>
  <testcase classname="test_ios_suite.TestCase_UICatalog_UI_19" name="UI_19_step04" time="0.753"/>
</testsuite> <!-- Test -->
